TN:
SF:app.js
FN:8,(anonymous_0)
FN:13,(anonymous_1)
FN:22,(anonymous_2)
FN:31,(anonymous_3)
FN:67,(anonymous_4)
FN:72,(anonymous_5)
FNF:6
FNH:6
FNDA:1,(anonymous_0)
FNDA:2,(anonymous_1)
FNDA:2,(anonymous_2)
FNDA:11,(anonymous_3)
FNDA:1,(anonymous_4)
FNDA:1,(anonymous_5)
DA:1,1
DA:2,1
DA:5,1
DA:8,1
DA:9,1
DA:13,1
DA:14,2
DA:15,2
DA:16,1
DA:18,1
DA:22,1
DA:23,2
DA:24,2
DA:25,1
DA:27,1
DA:31,1
DA:32,11
DA:34,11
DA:35,3
DA:38,8
DA:39,2
DA:43,6
DA:45,1
DA:46,1
DA:48,1
DA:49,1
DA:51,1
DA:52,1
DA:54,2
DA:55,1
DA:57,1
DA:58,1
DA:60,1
DA:63,4
DA:67,1
DA:68,1
DA:72,1
DA:73,1
DA:76,1
LF:39
LH:39
BRDA:15,0,0,1
BRDA:15,0,1,1
BRDA:24,1,0,1
BRDA:24,1,1,1
BRDA:34,2,0,3
BRDA:34,2,1,8
BRDA:34,3,0,11
BRDA:34,3,1,10
BRDA:34,3,2,9
BRDA:38,4,0,2
BRDA:38,4,1,6
BRDA:38,5,0,8
BRDA:38,5,1,7
BRDA:43,6,0,1
BRDA:43,6,1,1
BRDA:43,6,2,1
BRDA:43,6,3,2
BRDA:43,6,4,1
BRDA:54,7,0,1
BRDA:54,7,1,1
BRF:20
BRH:20
end_of_record
